# JRE version: OpenJDK Runtime Environment Temurin-17.0.13+11 (17.0.13+11) (build 17.0.13+11)
# Java VM: OpenJDK 64-Bit Server VM Temurin-17.0.13+11 (17.0.13+11, mixed mode, tiered, compressed oops, compressed class ptrs, parallel gc, linux-amd64)
GC Precious Log:
 CPUs: 4 total, 4 available
 Memory: 7797M
 Large Page Support: Disabled
 NUMA Support: Disabled
 Compressed Oops: Enabled (32-bit)
 Alignments: Space 512K, Generation 512K, Heap 2M
 Heap Min Capacity: 100M
 Heap Initial Capacity: 100M
 Heap Max Capacity: 1G
 Pre-touch: Disabled
 Parallel Workers: 4
Heap:
 PSYoungGen      total 24576K, used 19931K [0x00000000eab00000, 0x00000000ec780000, 0x0000000100000000)
  eden space 20992K, 78% used [0x00000000eab00000,0x00000000ebb0e4c0,0x00000000ebf80000)
  from space 3584K, 97% used [0x00000000ebf80000,0x00000000ec2e8800,0x00000000ec300000)
  to   space 4096K, 0% used [0x00000000ec380000,0x00000000ec380000,0x00000000ec780000)
 ParOldGen       total 253952K, used 188516K [0x00000000c0000000, 0x00000000cf800000, 0x00000000eab00000)
  object space 253952K, 74% used [0x00000000c0000000,0x00000000cb819228,0x00000000cf800000)
 Metaspace       used 92218K, committed 93952K, reserved 1179648K
  class space    used 9438K, committed 10240K, reserved 1048576K
GC Heap History (20 events):
Event: 549,285 GC heap before
{Heap before GC invocations=193 (full 10):
 PSYoungGen      total 34304K, used 33744K [0x00000000eab00000, 0x00000000ed080000, 0x0000000100000000)
  eden space 30208K, 100% used [0x00000000eab00000,0x00000000ec880000,0x00000000ec880000)
  from space 4096K, 86% used [0x00000000ec880000,0x00000000ecbf4120,0x00000000ecc80000)
  to   space 4096K, 0% used [0x00000000ecc80000,0x00000000ecc80000,0x00000000ed080000)
 ParOldGen       total 253952K, used 176049K [0x00000000c0000000, 0x00000000cf800000, 0x00000000eab00000)
  object space 253952K, 69% used [0x00000000c0000000,0x00000000cabec6c0,0x00000000cf800000)
 Metaspace       used 91626K, committed 93312K, reserved 1179648K
  class space    used 9390K, committed 10176K, reserved 1048576K
}
Event: 549,290 GC heap after
{Heap after GC invocations=193 (full 10):
 PSYoungGen      total 34304K, used 3853K [0x00000000eab00000, 0x00000000ed080000, 0x0000000100000000)
  eden space 30208K, 0% used [0x00000000eab00000,0x00000000eab00000,0x00000000ec880000)
  from space 4096K, 94% used [0x00000000ecc80000,0x00000000ed0436d0,0x00000000ed080000)
  to   space 4096K, 0% used [0x00000000ec880000,0x00000000ec880000,0x00000000ecc80000)
 ParOldGen       total 253952K, used 176073K [0x00000000c0000000, 0x00000000cf800000, 0x00000000eab00000)
  object space 253952K, 69% used [0x00000000c0000000,0x00000000cabf26c0,0x00000000cf800000)
 Metaspace       used 91626K, committed 93312K, reserved 1179648K
  class space    used 9390K, committed 10176K, reserved 1048576K
}
Event: 551,342 GC heap before
{Heap before GC invocations=194 (full 10):
 PSYoungGen      total 34304K, used 34061K [0x00000000eab00000, 0x00000000ed080000, 0x0000000100000000)
  eden space 30208K, 100% used [0x00000000eab00000,0x00000000ec880000,0x00000000ec880000)
  from space 4096K, 94% used [0x00000000ecc80000,0x00000000ed0436d0,0x00000000ed080000)
  to   space 4096K, 0% used [0x00000000ec880000,0x00000000ec880000,0x00000000ecc80000)
 ParOldGen       total 253952K, used 176073K [0x00000000c0000000, 0x00000000cf800000, 0x00000000eab00000)
  object space 253952K, 69% used [0x00000000c0000000,0x00000000cabf26c0,0x00000000cf800000)
 Metaspace       used 91651K, committed 93376K, reserved 1179648K
  class space    used 9390K, committed 10176K, reserved 1048576K
}
Event: 551,348 GC heap after
{Heap after GC invocations=194 (full 10):
 PSYoungGen      total 34304K, used 3896K [0x00000000eab00000, 0x00000000ed080000, 0x0000000100000000)
  eden space 30208K, 0% used [0x00000000eab00000,0x00000000eab00000,0x00000000ec880000)
  from space 4096K, 95% used [0x00000000ec880000,0x00000000ecc4e0c0,0x00000000ecc80000)
  to   space 4096K, 0% used [0x00000000ecc80000,0x00000000ecc80000,0x00000000ed080000)
 ParOldGen       total 253952K, used 176097K [0x00000000c0000000, 0x00000000cf800000, 0x00000000eab00000)
  object space 253952K, 69% used [0x00000000c0000000,0x00000000cabf86c0,0x00000000cf800000)
 Metaspace       used 91651K, committed 93376K, reserved 1179648K
  class space    used 9390K, committed 10176K, reserved 1048576K
}
Event: 562,444 GC heap before
{Heap before GC invocations=195 (full 10):
 PSYoungGen      total 34304K, used 34104K [0x00000000eab00000, 0x00000000ed080000, 0x0000000100000000)
  eden space 30208K, 100% used [0x00000000eab00000,0x00000000ec880000,0x00000000ec880000)
  from space 4096K, 95% used [0x00000000ec880000,0x00000000ecc4e0c0,0x00000000ecc80000)
  to   space 4096K, 0% used [0x00000000ecc80000,0x00000000ecc80000,0x00000000ed080000)
 ParOldGen       total 253952K, used 176097K [0x00000000c0000000, 0x00000000cf800000, 0x00000000eab00000)
  object space 253952K, 69% used [0x00000000c0000000,0x00000000cabf86c0,0x00000000cf800000)
 Metaspace       used 91657K, committed 93376K, reserved 1179648K
  class space    used 9390K, committed 10176K, reserved 1048576K
}
Event: 562,450 GC heap after
{Heap after GC invocations=195 (full 10):
 PSYoungGen      total 32768K, used 2387K [0x00000000eab00000, 0x00000000ecf00000, 0x0000000100000000)
  eden space 30208K, 0% used [0x00000000eab00000,0x00000000eab00000,0x00000000ec880000)
  from space 2560K, 93% used [0x00000000ecc80000,0x00000000eced4d98,0x00000000ecf00000)
  to   space 3072K, 0% used [0x00000000ec900000,0x00000000ec900000,0x00000000ecc00000)
 ParOldGen       total 253952K, used 176834K [0x00000000c0000000, 0x00000000cf800000, 0x00000000eab00000)
  object space 253952K, 69% used [0x00000000c0000000,0x00000000cacb0928,0x00000000cf800000)
 Metaspace       used 91657K, committed 93376K, reserved 1179648K
  class space    used 9390K, committed 10176K, reserved 1048576K
}
Event: 614,441 GC heap before
{Heap before GC invocations=196 (full 10):
 PSYoungGen      total 32768K, used 32595K [0x00000000eab00000, 0x00000000ecf00000, 0x0000000100000000)
  eden space 30208K, 100% used [0x00000000eab00000,0x00000000ec880000,0x00000000ec880000)
  from space 2560K, 93% used [0x00000000ecc80000,0x00000000eced4d98,0x00000000ecf00000)
  to   space 3072K, 0% used [0x00000000ec900000,0x00000000ec900000,0x00000000ecc00000)
 ParOldGen       total 253952K, used 176834K [0x00000000c0000000, 0x00000000cf800000, 0x00000000eab00000)
  object space 253952K, 69% used [0x00000000c0000000,0x00000000cacb0928,0x00000000cf800000)
 Metaspace       used 91668K, committed 93376K, reserved 1179648K
  class space    used 9390K, committed 10176K, reserved 1048576K
}
Event: 614,446 GC heap after
{Heap after GC invocations=196 (full 10):
 PSYoungGen      total 33280K, used 2881K [0x00000000eab00000, 0x00000000ece80000, 0x0000000100000000)
  eden space 30208K, 0% used [0x00000000eab00000,0x00000000eab00000,0x00000000ec880000)
  from space 3072K, 93% used [0x00000000ec900000,0x00000000ecbd0648,0x00000000ecc00000)
  to   space 2560K, 0% used [0x00000000ecc00000,0x00000000ecc00000,0x00000000ece80000)
 ParOldGen       total 253952K, used 176981K [0x00000000c0000000, 0x00000000cf800000, 0x00000000eab00000)
  object space 253952K, 69% used [0x00000000c0000000,0x00000000cacd5498,0x00000000cf800000)
 Metaspace       used 91668K, committed 93376K, reserved 1179648K
  class space    used 9390K, committed 10176K, reserved 1048576K
}
Event: 614,873 GC heap before
{Heap before GC invocations=197 (full 10):
 PSYoungGen      total 33280K, used 33089K [0x00000000eab00000, 0x00000000ece80000, 0x0000000100000000)
  eden space 30208K, 100% used [0x00000000eab00000,0x00000000ec880000,0x00000000ec880000)
  from space 3072K, 93% used [0x00000000ec900000,0x00000000ecbd0648,0x00000000ecc00000)
  to   space 2560K, 0% used [0x00000000ecc00000,0x00000000ecc00000,0x00000000ece80000)
 ParOldGen       total 253952K, used 176981K [0x00000000c0000000, 0x00000000cf800000, 0x00000000eab00000)
  object space 253952K, 69% used [0x00000000c0000000,0x00000000cacd5498,0x00000000cf800000)
 Metaspace       used 91677K, committed 93376K, reserved 1179648K
  class space    used 9390K, committed 10176K, reserved 1048576K
}
Event: 614,879 GC heap after
{Heap after GC invocations=197 (full 10):
 PSYoungGen      total 23552K, used 2557K [0x00000000eab00000, 0x00000000ee180000, 0x0000000100000000)
  eden space 20992K, 0% used [0x00000000eab00000,0x00000000eab00000,0x00000000ebf80000)
  from space 2560K, 99% used [0x00000000ecc00000,0x00000000ece7f448,0x00000000ece80000)
  to   space 12800K, 0% used [0x00000000ebf80000,0x00000000ebf80000,0x00000000ecc00000)
 ParOldGen       total 253952K, used 185369K [0x00000000c0000000, 0x00000000cf800000, 0x00000000eab00000)
  object space 253952K, 72% used [0x00000000c0000000,0x00000000cb506788,0x00000000cf800000)
 Metaspace       used 91677K, committed 93376K, reserved 1179648K
  class space    used 9390K, committed 10176K, reserved 1048576K
}
Event: 615,749 GC heap before
{Heap before GC invocations=198 (full 10):
 PSYoungGen      total 23552K, used 23549K [0x00000000eab00000, 0x00000000ee180000, 0x0000000100000000)
  eden space 20992K, 100% used [0x00000000eab00000,0x00000000ebf80000,0x00000000ebf80000)
  from space 2560K, 99% used [0x00000000ecc00000,0x00000000ece7f448,0x00000000ece80000)
  to   space 12800K, 0% used [0x00000000ebf80000,0x00000000ebf80000,0x00000000ecc00000)
 ParOldGen       total 253952K, used 185369K [0x00000000c0000000, 0x00000000cf800000, 0x00000000eab00000)
  object space 253952K, 72% used [0x00000000c0000000,0x00000000cb506788,0x00000000cf800000)
 Metaspace       used 91692K, committed 93376K, reserved 1179648K
  class space    used 9390K, committed 10176K, reserved 1048576K
}
Event: 615,752 GC heap after
{Heap after GC invocations=198 (full 10):
 PSYoungGen      total 23552K, used 2265K [0x00000000eab00000, 0x00000000ecc80000, 0x0000000100000000)
  eden space 20992K, 0% used [0x00000000eab00000,0x00000000eab00000,0x00000000ebf80000)
  from space 2560K, 88% used [0x00000000ebf80000,0x00000000ec1b6728,0x00000000ec200000)
  to   space 5632K, 0% used [0x00000000ec700000,0x00000000ec700000,0x00000000ecc80000)
 ParOldGen       total 253952K, used 185530K [0x00000000c0000000, 0x00000000cf800000, 0x00000000eab00000)
  object space 253952K, 73% used [0x00000000c0000000,0x00000000cb52eb88,0x00000000cf800000)
 Metaspace       used 91692K, committed 93376K, reserved 1179648K
  class space    used 9390K, committed 10176K, reserved 1048576K
}
Event: 616,363 GC heap before
{Heap before GC invocations=199 (full 10):
 PSYoungGen      total 23552K, used 23257K [0x00000000eab00000, 0x00000000ecc80000, 0x0000000100000000)
  eden space 20992K, 100% used [0x00000000eab00000,0x00000000ebf80000,0x00000000ebf80000)
  from space 2560K, 88% used [0x00000000ebf80000,0x00000000ec1b6728,0x00000000ec200000)
  to   space 5632K, 0% used [0x00000000ec700000,0x00000000ec700000,0x00000000ecc80000)
 ParOldGen       total 253952K, used 185530K [0x00000000c0000000, 0x00000000cf800000, 0x00000000eab00000)
  object space 253952K, 73% used [0x00000000c0000000,0x00000000cb52eb88,0x00000000cf800000)
 Metaspace       used 91713K, committed 93440K, reserved 1179648K
  class space    used 9391K, committed 10176K, reserved 1048576K
}
Event: 616,366 GC heap after
{Heap after GC invocations=199 (full 10):
 PSYoungGen      total 23552K, used 2340K [0x00000000eab00000, 0x00000000ec980000, 0x0000000100000000)
  eden space 20992K, 0% used [0x00000000eab00000,0x00000000eab00000,0x00000000ebf80000)
  from space 2560K, 91% used [0x00000000ec700000,0x00000000ec949118,0x00000000ec980000)
  to   space 3072K, 0% used [0x00000000ec380000,0x00000000ec380000,0x00000000ec680000)
 ParOldGen       total 253952K, used 185530K [0x00000000c0000000, 0x00000000cf800000, 0x00000000eab00000)
  object space 253952K, 73% used [0x00000000c0000000,0x00000000cb52eb88,0x00000000cf800000)
 Metaspace       used 91713K, committed 93440K, reserved 1179648K
  class space    used 9391K, committed 10176K, reserved 1048576K
}
Event: 616,649 GC heap before
{Heap before GC invocations=200 (full 10):
 PSYoungGen      total 23552K, used 23332K [0x00000000eab00000, 0x00000000ec980000, 0x0000000100000000)
  eden space 20992K, 100% used [0x00000000eab00000,0x00000000ebf80000,0x00000000ebf80000)
  from space 2560K, 91% used [0x00000000ec700000,0x00000000ec949118,0x00000000ec980000)
  to   space 3072K, 0% used [0x00000000ec380000,0x00000000ec380000,0x00000000ec680000)
 ParOldGen       total 253952K, used 185530K [0x00000000c0000000, 0x00000000cf800000, 0x00000000eab00000)
  object space 253952K, 73% used [0x00000000c0000000,0x00000000cb52eb88,0x00000000cf800000)
 Metaspace       used 91751K, committed 93504K, reserved 1179648K
  class space    used 9391K, committed 10176K, reserved 1048576K
}
Event: 616,654 GC heap after
{Heap after GC invocations=200 (full 10):
 PSYoungGen      total 23040K, used 1722K [0x00000000eab00000, 0x00000000ec780000, 0x0000000100000000)
  eden space 20992K, 0% used [0x00000000eab00000,0x00000000eab00000,0x00000000ebf80000)
  from space 2048K, 84% used [0x00000000ec380000,0x00000000ec52ea48,0x00000000ec580000)
  to   space 2048K, 0% used [0x00000000ec580000,0x00000000ec580000,0x00000000ec780000)
 ParOldGen       total 253952K, used 185530K [0x00000000c0000000, 0x00000000cf800000, 0x00000000eab00000)
  object space 253952K, 73% used [0x00000000c0000000,0x00000000cb52eb88,0x00000000cf800000)
 Metaspace       used 91751K, committed 93504K, reserved 1179648K
  class space    used 9391K, committed 10176K, reserved 1048576K
}
Event: 625,141 GC heap before
{Heap before GC invocations=201 (full 10):
 PSYoungGen      total 23040K, used 22714K [0x00000000eab00000, 0x00000000ec780000, 0x0000000100000000)
  eden space 20992K, 100% used [0x00000000eab00000,0x00000000ebf80000,0x00000000ebf80000)
  from space 2048K, 84% used [0x00000000ec380000,0x00000000ec52ea48,0x00000000ec580000)
  to   space 2048K, 0% used [0x00000000ec580000,0x00000000ec580000,0x00000000ec780000)
 ParOldGen       total 253952K, used 185530K [0x00000000c0000000, 0x00000000cf800000, 0x00000000eab00000)
  object space 253952K, 73% used [0x00000000c0000000,0x00000000cb52eb88,0x00000000cf800000)
 Metaspace       used 92007K, committed 93760K, reserved 1179648K
  class space    used 9428K, committed 10240K, reserved 1048576K
}
Event: 625,153 GC heap after
{Heap after GC invocations=201 (full 10):
 PSYoungGen      total 23040K, used 2024K [0x00000000eab00000, 0x00000000ec980000, 0x0000000100000000)
  eden space 20992K, 0% used [0x00000000eab00000,0x00000000eab00000,0x00000000ebf80000)
  from space 2048K, 98% used [0x00000000ec580000,0x00000000ec77a3f8,0x00000000ec780000)
  to   space 5120K, 0% used [0x00000000ebf80000,0x00000000ebf80000,0x00000000ec480000)
 ParOldGen       total 253952K, used 188119K [0x00000000c0000000, 0x00000000cf800000, 0x00000000eab00000)
  object space 253952K, 74% used [0x00000000c0000000,0x00000000cb7b5ff8,0x00000000cf800000)
 Metaspace       used 92007K, committed 93760K, reserved 1179648K
  class space    used 9428K, committed 10240K, reserved 1048576K
}
Event: 628,528 GC heap before
{Heap before GC invocations=202 (full 10):
 PSYoungGen      total 23040K, used 23016K [0x00000000eab00000, 0x00000000ec980000, 0x0000000100000000)
  eden space 20992K, 100% used [0x00000000eab00000,0x00000000ebf80000,0x00000000ebf80000)
  from space 2048K, 98% used [0x00000000ec580000,0x00000000ec77a3f8,0x00000000ec780000)
  to   space 5120K, 0% used [0x00000000ebf80000,0x00000000ebf80000,0x00000000ec480000)
 ParOldGen       total 253952K, used 188119K [0x00000000c0000000, 0x00000000cf800000, 0x00000000eab00000)
  object space 253952K, 74% used [0x00000000c0000000,0x00000000cb7b5ff8,0x00000000cf800000)
 Metaspace       used 92111K, committed 93824K, reserved 1179648K
  class space    used 9434K, committed 10240K, reserved 1048576K
}
Event: 628,534 GC heap after
{Heap after GC invocations=202 (full 10):
 PSYoungGen      total 24576K, used 3490K [0x00000000eab00000, 0x00000000ec780000, 0x0000000100000000)
  eden space 20992K, 0% used [0x00000000eab00000,0x00000000eab00000,0x00000000ebf80000)
  from space 3584K, 97% used [0x00000000ebf80000,0x00000000ec2e8800,0x00000000ec300000)
  to   space 4096K, 0% used [0x00000000ec380000,0x00000000ec380000,0x00000000ec780000)
 ParOldGen       total 253952K, used 188516K [0x00000000c0000000, 0x00000000cf800000, 0x00000000eab00000)
  object space 253952K, 74% used [0x00000000c0000000,0x00000000cb819228,0x00000000cf800000)
 Metaspace       used 92111K, committed 93824K, reserved 1179648K
  class space    used 9434K, committed 10240K, reserved 1048576K
}

