# JRE version: OpenJDK Runtime Environment Temurin-17.0.13+11 (17.0.13+11) (build 17.0.13+11)
# Java VM: OpenJDK 64-Bit Server VM Temurin-17.0.13+11 (17.0.13+11, mixed mode, tiered, compressed oops, compressed class ptrs, parallel gc, linux-amd64)
GC Precious Log:
 CPUs: 4 total, 4 available
 Memory: 7797M
 Large Page Support: Disabled
 NUMA Support: Disabled
 Compressed Oops: Enabled (32-bit)
 Alignments: Space 512K, Generation 512K, Heap 2M
 Heap Min Capacity: 100M
 Heap Initial Capacity: 100M
 Heap Max Capacity: 1G
 Pre-touch: Disabled
 Parallel Workers: 4
Heap:
 PSYoungGen      total 110592K, used 41729K [0x00000000eab00000, 0x00000000f2480000, 0x0000000100000000)
  eden space 101888K, 32% used [0x00000000eab00000,0x00000000ecb95468,0x00000000f0e80000)
  from space 8704K, 96% used [0x00000000f1c00000,0x00000000f242b1a0,0x00000000f2480000)
  to   space 9216K, 0% used [0x00000000f1280000,0x00000000f1280000,0x00000000f1b80000)
 ParOldGen       total 199168K, used 171425K [0x00000000c0000000, 0x00000000cc280000, 0x00000000eab00000)
  object space 199168K, 86% used [0x00000000c0000000,0x00000000ca7686d0,0x00000000cc280000)
 Metaspace       used 80441K, committed 81920K, reserved 1179648K
  class space    used 8489K, committed 9152K, reserved 1048576K
GC Heap History (20 events):
Event: 41,630 GC heap before
{Heap before GC invocations=104 (full 9):
 PSYoungGen      total 81920K, used 81901K [0x00000000eab00000, 0x00000000f1680000, 0x0000000100000000)
  eden space 67584K, 100% used [0x00000000eab00000,0x00000000eed00000,0x00000000eed00000)
  from space 14336K, 99% used [0x00000000eff80000,0x00000000f0d7b6b0,0x00000000f0d80000)
  to   space 18944K, 0% used [0x00000000eed00000,0x00000000eed00000,0x00000000eff80000)
 ParOldGen       total 199168K, used 139554K [0x00000000c0000000, 0x00000000cc280000, 0x00000000eab00000)
  object space 199168K, 70% used [0x00000000c0000000,0x00000000c88489a0,0x00000000cc280000)
 Metaspace       used 76533K, committed 77888K, reserved 1179648K
  class space    used 8131K, committed 8704K, reserved 1048576K
}
Event: 41,670 GC heap after
{Heap after GC invocations=104 (full 9):
 PSYoungGen      total 86528K, used 14455K [0x00000000eab00000, 0x00000000f1200000, 0x0000000100000000)
  eden space 67584K, 0% used [0x00000000eab00000,0x00000000eab00000,0x00000000eed00000)
  from space 18944K, 76% used [0x00000000eed00000,0x00000000efb1dc18,0x00000000eff80000)
  to   space 15872K, 0% used [0x00000000f0280000,0x00000000f0280000,0x00000000f1200000)
 ParOldGen       total 199168K, used 144381K [0x00000000c0000000, 0x00000000cc280000, 0x00000000eab00000)
  object space 199168K, 72% used [0x00000000c0000000,0x00000000c8cff668,0x00000000cc280000)
 Metaspace       used 76533K, committed 77888K, reserved 1179648K
  class space    used 8131K, committed 8704K, reserved 1048576K
}
Event: 41,954 GC heap before
{Heap before GC invocations=105 (full 9):
 PSYoungGen      total 86528K, used 82039K [0x00000000eab00000, 0x00000000f1200000, 0x0000000100000000)
  eden space 67584K, 100% used [0x00000000eab00000,0x00000000eed00000,0x00000000eed00000)
  from space 18944K, 76% used [0x00000000eed00000,0x00000000efb1dc18,0x00000000eff80000)
  to   space 15872K, 0% used [0x00000000f0280000,0x00000000f0280000,0x00000000f1200000)
 ParOldGen       total 199168K, used 144381K [0x00000000c0000000, 0x00000000cc280000, 0x00000000eab00000)
  object space 199168K, 72% used [0x00000000c0000000,0x00000000c8cff668,0x00000000cc280000)
 Metaspace       used 76579K, committed 77952K, reserved 1179648K
  class space    used 8131K, committed 8704K, reserved 1048576K
}
Event: 41,993 GC heap after
{Heap after GC invocations=105 (full 9):
 PSYoungGen      total 89088K, used 14636K [0x00000000eab00000, 0x00000000f1100000, 0x0000000100000000)
  eden space 74240K, 0% used [0x00000000eab00000,0x00000000eab00000,0x00000000ef380000)
  from space 14848K, 98% used [0x00000000f0280000,0x00000000f10cb060,0x00000000f1100000)
  to   space 14848K, 0% used [0x00000000ef400000,0x00000000ef400000,0x00000000f0280000)
 ParOldGen       total 199168K, used 144381K [0x00000000c0000000, 0x00000000cc280000, 0x00000000eab00000)
  object space 199168K, 72% used [0x00000000c0000000,0x00000000c8cff668,0x00000000cc280000)
 Metaspace       used 76579K, committed 77952K, reserved 1179648K
  class space    used 8131K, committed 8704K, reserved 1048576K
}
Event: 42,230 GC heap before
{Heap before GC invocations=106 (full 9):
 PSYoungGen      total 89088K, used 88876K [0x00000000eab00000, 0x00000000f1100000, 0x0000000100000000)
  eden space 74240K, 100% used [0x00000000eab00000,0x00000000ef380000,0x00000000ef380000)
  from space 14848K, 98% used [0x00000000f0280000,0x00000000f10cb060,0x00000000f1100000)
  to   space 14848K, 0% used [0x00000000ef400000,0x00000000ef400000,0x00000000f0280000)
 ParOldGen       total 199168K, used 144381K [0x00000000c0000000, 0x00000000cc280000, 0x00000000eab00000)
  object space 199168K, 72% used [0x00000000c0000000,0x00000000c8cff668,0x00000000cc280000)
 Metaspace       used 76624K, committed 77952K, reserved 1179648K
  class space    used 8132K, committed 8704K, reserved 1048576K
}
Event: 42,283 GC heap after
{Heap after GC invocations=106 (full 9):
 PSYoungGen      total 89600K, used 14024K [0x00000000eab00000, 0x00000000f1700000, 0x0000000100000000)
  eden space 74752K, 0% used [0x00000000eab00000,0x00000000eab00000,0x00000000ef400000)
  from space 14848K, 94% used [0x00000000ef400000,0x00000000f01b2208,0x00000000f0280000)
  to   space 14336K, 0% used [0x00000000f0900000,0x00000000f0900000,0x00000000f1700000)
 ParOldGen       total 199168K, used 144389K [0x00000000c0000000, 0x00000000cc280000, 0x00000000eab00000)
  object space 199168K, 72% used [0x00000000c0000000,0x00000000c8d01668,0x00000000cc280000)
 Metaspace       used 76624K, committed 77952K, reserved 1179648K
  class space    used 8132K, committed 8704K, reserved 1048576K
}
Event: 42,664 GC heap before
{Heap before GC invocations=107 (full 9):
 PSYoungGen      total 89600K, used 88776K [0x00000000eab00000, 0x00000000f1700000, 0x0000000100000000)
  eden space 74752K, 100% used [0x00000000eab00000,0x00000000ef400000,0x00000000ef400000)
  from space 14848K, 94% used [0x00000000ef400000,0x00000000f01b2208,0x00000000f0280000)
  to   space 14336K, 0% used [0x00000000f0900000,0x00000000f0900000,0x00000000f1700000)
 ParOldGen       total 199168K, used 144389K [0x00000000c0000000, 0x00000000cc280000, 0x00000000eab00000)
  object space 199168K, 72% used [0x00000000c0000000,0x00000000c8d01668,0x00000000cc280000)
 Metaspace       used 76681K, committed 78016K, reserved 1179648K
  class space    used 8132K, committed 8704K, reserved 1048576K
}
Event: 42,702 GC heap after
{Heap after GC invocations=107 (full 9):
 PSYoungGen      total 95232K, used 12719K [0x00000000eab00000, 0x00000000f1580000, 0x0000000100000000)
  eden space 82432K, 0% used [0x00000000eab00000,0x00000000eab00000,0x00000000efb80000)
  from space 12800K, 99% used [0x00000000f0900000,0x00000000f156be48,0x00000000f1580000)
  to   space 13312K, 0% used [0x00000000efb80000,0x00000000efb80000,0x00000000f0880000)
 ParOldGen       total 199168K, used 146865K [0x00000000c0000000, 0x00000000cc280000, 0x00000000eab00000)
  object space 199168K, 73% used [0x00000000c0000000,0x00000000c8f6c518,0x00000000cc280000)
 Metaspace       used 76681K, committed 78016K, reserved 1179648K
  class space    used 8132K, committed 8704K, reserved 1048576K
}
Event: 43,149 GC heap before
{Heap before GC invocations=108 (full 9):
 PSYoungGen      total 95232K, used 95151K [0x00000000eab00000, 0x00000000f1580000, 0x0000000100000000)
  eden space 82432K, 100% used [0x00000000eab00000,0x00000000efb80000,0x00000000efb80000)
  from space 12800K, 99% used [0x00000000f0900000,0x00000000f156be48,0x00000000f1580000)
  to   space 13312K, 0% used [0x00000000efb80000,0x00000000efb80000,0x00000000f0880000)
 ParOldGen       total 199168K, used 146865K [0x00000000c0000000, 0x00000000cc280000, 0x00000000eab00000)
  object space 199168K, 73% used [0x00000000c0000000,0x00000000c8f6c518,0x00000000cc280000)
 Metaspace       used 76826K, committed 78272K, reserved 1179648K
  class space    used 8133K, committed 8704K, reserved 1048576K
}
Event: 43,209 GC heap after
{Heap after GC invocations=108 (full 9):
 PSYoungGen      total 95744K, used 13293K [0x00000000eab00000, 0x00000000f3780000, 0x0000000100000000)
  eden space 82432K, 0% used [0x00000000eab00000,0x00000000eab00000,0x00000000efb80000)
  from space 13312K, 99% used [0x00000000efb80000,0x00000000f087b588,0x00000000f0880000)
  to   space 26624K, 0% used [0x00000000f1d80000,0x00000000f1d80000,0x00000000f3780000)
 ParOldGen       total 199168K, used 158151K [0x00000000c0000000, 0x00000000cc280000, 0x00000000eab00000)
  object space 199168K, 79% used [0x00000000c0000000,0x00000000c9a71dd8,0x00000000cc280000)
 Metaspace       used 76826K, committed 78272K, reserved 1179648K
  class space    used 8133K, committed 8704K, reserved 1048576K
}
Event: 43,503 GC heap before
{Heap before GC invocations=109 (full 9):
 PSYoungGen      total 95744K, used 95725K [0x00000000eab00000, 0x00000000f3780000, 0x0000000100000000)
  eden space 82432K, 100% used [0x00000000eab00000,0x00000000efb80000,0x00000000efb80000)
  from space 13312K, 99% used [0x00000000efb80000,0x00000000f087b588,0x00000000f0880000)
  to   space 26624K, 0% used [0x00000000f1d80000,0x00000000f1d80000,0x00000000f3780000)
 ParOldGen       total 199168K, used 158151K [0x00000000c0000000, 0x00000000cc280000, 0x00000000eab00000)
  object space 199168K, 79% used [0x00000000c0000000,0x00000000c9a71dd8,0x00000000cc280000)
 Metaspace       used 76937K, committed 78336K, reserved 1179648K
  class space    used 8136K, committed 8704K, reserved 1048576K
}
Event: 43,561 GC heap after
{Heap after GC invocations=109 (full 9):
 PSYoungGen      total 108032K, used 16793K [0x00000000eab00000, 0x00000000f2e00000, 0x0000000100000000)
  eden space 91136K, 0% used [0x00000000eab00000,0x00000000eab00000,0x00000000f0400000)
  from space 16896K, 99% used [0x00000000f1d80000,0x00000000f2de6628,0x00000000f2e00000)
  to   space 19968K, 0% used [0x00000000f0700000,0x00000000f0700000,0x00000000f1a80000)
 ParOldGen       total 199168K, used 160509K [0x00000000c0000000, 0x00000000cc280000, 0x00000000eab00000)
  object space 199168K, 80% used [0x00000000c0000000,0x00000000c9cbf660,0x00000000cc280000)
 Metaspace       used 76937K, committed 78336K, reserved 1179648K
  class space    used 8136K, committed 8704K, reserved 1048576K
}
Event: 43,922 GC heap before
{Heap before GC invocations=110 (full 9):
 PSYoungGen      total 108032K, used 107929K [0x00000000eab00000, 0x00000000f2e00000, 0x0000000100000000)
  eden space 91136K, 100% used [0x00000000eab00000,0x00000000f0400000,0x00000000f0400000)
  from space 16896K, 99% used [0x00000000f1d80000,0x00000000f2de6628,0x00000000f2e00000)
  to   space 19968K, 0% used [0x00000000f0700000,0x00000000f0700000,0x00000000f1a80000)
 ParOldGen       total 199168K, used 160509K [0x00000000c0000000, 0x00000000cc280000, 0x00000000eab00000)
  object space 199168K, 80% used [0x00000000c0000000,0x00000000c9cbf660,0x00000000cc280000)
 Metaspace       used 77190K, committed 78656K, reserved 1179648K
  class space    used 8151K, committed 8768K, reserved 1048576K
}
Event: 43,961 GC heap after
{Heap after GC invocations=110 (full 9):
 PSYoungGen      total 114176K, used 17319K [0x00000000eab00000, 0x00000000f3000000, 0x0000000100000000)
  eden space 94208K, 0% used [0x00000000eab00000,0x00000000eab00000,0x00000000f0700000)
  from space 19968K, 86% used [0x00000000f0700000,0x00000000f17e9fb0,0x00000000f1a80000)
  to   space 17920K, 0% used [0x00000000f1e80000,0x00000000f1e80000,0x00000000f3000000)
 ParOldGen       total 199168K, used 161074K [0x00000000c0000000, 0x00000000cc280000, 0x00000000eab00000)
  object space 199168K, 80% used [0x00000000c0000000,0x00000000c9d4c880,0x00000000cc280000)
 Metaspace       used 77190K, committed 78656K, reserved 1179648K
  class space    used 8151K, committed 8768K, reserved 1048576K
}
Event: 44,419 GC heap before
{Heap before GC invocations=111 (full 9):
 PSYoungGen      total 114176K, used 111527K [0x00000000eab00000, 0x00000000f3000000, 0x0000000100000000)
  eden space 94208K, 100% used [0x00000000eab00000,0x00000000f0700000,0x00000000f0700000)
  from space 19968K, 86% used [0x00000000f0700000,0x00000000f17e9fb0,0x00000000f1a80000)
  to   space 17920K, 0% used [0x00000000f1e80000,0x00000000f1e80000,0x00000000f3000000)
 ParOldGen       total 199168K, used 161074K [0x00000000c0000000, 0x00000000cc280000, 0x00000000eab00000)
  object space 199168K, 80% used [0x00000000c0000000,0x00000000c9d4c880,0x00000000cc280000)
 Metaspace       used 77671K, committed 79040K, reserved 1179648K
  class space    used 8202K, committed 8768K, reserved 1048576K
}
Event: 44,471 GC heap after
{Heap after GC invocations=111 (full 9):
 PSYoungGen      total 113152K, used 17909K [0x00000000eab00000, 0x00000000f3d00000, 0x0000000100000000)
  eden space 95232K, 0% used [0x00000000eab00000,0x00000000eab00000,0x00000000f0800000)
  from space 17920K, 99% used [0x00000000f1e80000,0x00000000f2ffd570,0x00000000f3000000)
  to   space 23040K, 0% used [0x00000000f0800000,0x00000000f0800000,0x00000000f1e80000)
 ParOldGen       total 199168K, used 164990K [0x00000000c0000000, 0x00000000cc280000, 0x00000000eab00000)
  object space 199168K, 82% used [0x00000000c0000000,0x00000000ca11fad0,0x00000000cc280000)
 Metaspace       used 77671K, committed 79040K, reserved 1179648K
  class space    used 8202K, committed 8768K, reserved 1048576K
}
Event: 45,784 GC heap before
{Heap before GC invocations=112 (full 9):
 PSYoungGen      total 113152K, used 113141K [0x00000000eab00000, 0x00000000f3d00000, 0x0000000100000000)
  eden space 95232K, 100% used [0x00000000eab00000,0x00000000f0800000,0x00000000f0800000)
  from space 17920K, 99% used [0x00000000f1e80000,0x00000000f2ffd570,0x00000000f3000000)
  to   space 23040K, 0% used [0x00000000f0800000,0x00000000f0800000,0x00000000f1e80000)
 ParOldGen       total 199168K, used 164990K [0x00000000c0000000, 0x00000000cc280000, 0x00000000eab00000)
  object space 199168K, 82% used [0x00000000c0000000,0x00000000ca11fad0,0x00000000cc280000)
 Metaspace       used 78976K, committed 80384K, reserved 1179648K
  class space    used 8343K, committed 8960K, reserved 1048576K
}
Event: 45,803 GC heap after
{Heap after GC invocations=112 (full 9):
 PSYoungGen      total 101376K, used 6089K [0x00000000eab00000, 0x00000000f2800000, 0x0000000100000000)
  eden space 95232K, 0% used [0x00000000eab00000,0x00000000eab00000,0x00000000f0800000)
  from space 6144K, 99% used [0x00000000f0800000,0x00000000f0df2480,0x00000000f0e00000)
  to   space 12288K, 0% used [0x00000000f1c00000,0x00000000f1c00000,0x00000000f2800000)
 ParOldGen       total 199168K, used 171417K [0x00000000c0000000, 0x00000000cc280000, 0x00000000eab00000)
  object space 199168K, 86% used [0x00000000c0000000,0x00000000ca7666d0,0x00000000cc280000)
 Metaspace       used 78976K, committed 80384K, reserved 1179648K
  class space    used 8343K, committed 8960K, reserved 1048576K
}
Event: 49,258 GC heap before
{Heap before GC invocations=113 (full 9):
 PSYoungGen      total 101376K, used 101321K [0x00000000eab00000, 0x00000000f2800000, 0x0000000100000000)
  eden space 95232K, 100% used [0x00000000eab00000,0x00000000f0800000,0x00000000f0800000)
  from space 6144K, 99% used [0x00000000f0800000,0x00000000f0df2480,0x00000000f0e00000)
  to   space 12288K, 0% used [0x00000000f1c00000,0x00000000f1c00000,0x00000000f2800000)
 ParOldGen       total 199168K, used 171417K [0x00000000c0000000, 0x00000000cc280000, 0x00000000eab00000)
  object space 199168K, 86% used [0x00000000c0000000,0x00000000ca7666d0,0x00000000cc280000)
 Metaspace       used 79355K, committed 80768K, reserved 1179648K
  class space    used 8356K, committed 9024K, reserved 1048576K
}
Event: 49,282 GC heap after
{Heap after GC invocations=113 (full 9):
 PSYoungGen      total 110592K, used 8364K [0x00000000eab00000, 0x00000000f2480000, 0x0000000100000000)
  eden space 101888K, 0% used [0x00000000eab00000,0x00000000eab00000,0x00000000f0e80000)
  from space 8704K, 96% used [0x00000000f1c00000,0x00000000f242b1a0,0x00000000f2480000)
  to   space 9216K, 0% used [0x00000000f1280000,0x00000000f1280000,0x00000000f1b80000)
 ParOldGen       total 199168K, used 171425K [0x00000000c0000000, 0x00000000cc280000, 0x00000000eab00000)
  object space 199168K, 86% used [0x00000000c0000000,0x00000000ca7686d0,0x00000000cc280000)
 Metaspace       used 79355K, committed 80768K, reserved 1179648K
  class space    used 8356K, committed 9024K, reserved 1048576K
}

